Found type: HarmonyLib.CodeInstruction+State in DLL: 0Harmony.dll
Found type: KInputController+KeyDef in DLL: Assembly-CSharp-firstpass.dll
Found type: ImageToggleState+State in DLL: Assembly-CSharp-firstpass.dll
Found type: Chunk+State in DLL: Assembly-CSharp-firstpass.dll
Found type: UniformPoissonDiskSampler+State in DLL: Assembly-CSharp-firstpass.dll
Found type: Reactable+ReactablePrecondition in DLL: Assembly-CSharp.dll
Found type: StateMachine+BaseState in DLL: Assembly-CSharp.dll
Found type: AudioSheet+SoundInfo in DLL: Assembly-CSharp.dll
Found type: EntityCellVisualizer+Ports in DLL: Assembly-CSharp.dll
Found type: Operational+State in DLL: Assembly-CSharp.dll
Found type: WorkerBase+State in DLL: Assembly-CSharp.dll
Found type: BuildingHP+DamageSourceInfo in DLL: Assembly-CSharp.dll
Found type: ConduitFlow+GridNode in DLL: Assembly-CSharp.dll
Found type: ConduitFlow+ConduitContents in DLL: Assembly-CSharp.dll
Found type: Element+State in DLL: Assembly-CSharp.dll
Found type: EnergyGenerator+Formula in DLL: Assembly-CSharp.dll
Found type: FallingWater+SoundInfo in DLL: Assembly-CSharp.dll
Found type: GameUtil+MetricMassFormat in DLL: Assembly-CSharp.dll
Found type: GameUtil+TimeSlice in DLL: Assembly-CSharp.dll
Found type: GameUtil+WattageFormatterUnit in DLL: Assembly-CSharp.dll
Found type: GridVisibleArea+Callback in DLL: Assembly-CSharp.dll
Found type: Localization+Locale in DLL: Assembly-CSharp.dll
Found type: LogicPorts+Port in DLL: Assembly-CSharp.dll
Found type: Quest+State in DLL: Assembly-CSharp.dll
Found type: LightGridManager+LightGridEmitter in DLL: Assembly-CSharp.dll
Found type: SolidConduitFlow+GridNode in DLL: Assembly-CSharp.dll
Found type: SolidConduitFlow+ConduitContents in DLL: Assembly-CSharp.dll
Found type: StoryInstance+State in DLL: Assembly-CSharp.dll
Found type: Vent+State in DLL: Assembly-CSharp.dll
Found type: ConduitFlowVisualizer+ConduitFlowMesh in DLL: Assembly-CSharp.dll
Found type: ConduitFlowVisualizer+RenderMeshContext in DLL: Assembly-CSharp.dll
Found type: ConduitFlowVisualizer+RenderMeshBatchJob in DLL: Assembly-CSharp.dll
Found type: SolidConduitFlowVisualizer+ConduitFlowMesh in DLL: Assembly-CSharp.dll
Found type: SizePulse+State in DLL: Assembly-CSharp.dll
Found type: OutfitBrowserScreen+State in DLL: Assembly-CSharp.dll
Found type: SelectableTextStyler+State in DLL: Assembly-CSharp.dll
Found type: BionicSideScreenUpgradeSlot+State in DLL: Assembly-CSharp.dll
Found type: TreeFilterableSideScreenRow+State in DLL: Assembly-CSharp.dll
Found type: Database.ArtableStatuses+ArtableStatusType in DLL: Assembly-CSharp.dll
Found type: STRINGS.ELEMENTS+STATE in DLL: Assembly-CSharp.dll
Found type: SafetyChecker+Condition+Callback in DLL: Assembly-CSharp.dll
Found type: PropertyTextures+WorkItem+Callback in DLL: Assembly-CSharp.dll
Found type: LightGridManager+LightGridEmitter+State in DLL: Assembly-CSharp.dll
Found type: KButtonMenu+ButtonInfo+Callback in DLL: Assembly-CSharp.dll
Found type: KIconButtonMenu+ButtonInfo+Callback in DLL: Assembly-CSharp.dll
Found type: STRINGS.UI+NEWBUILDCATEGORIES+PORTS in DLL: Assembly-CSharp.dll
Found type: Steamworks.Callback in DLL: com.rlabrecque.steamworks.net.dll
Found type: Steamworks.Callback`1 in DLL: com.rlabrecque.steamworks.net.dll
Found type: Locale in DLL: Mono.Security.dll
Found type: Newtonsoft.Json.JsonReader+State in DLL: Newtonsoft.Json.dll
Found type: Newtonsoft.Json.JsonWriter+State in DLL: Newtonsoft.Json.dll
Found type: System.Net.ConnectionPool+State in DLL: System.dll
Found type: System.Net.HttpListener+State in DLL: System.dll
Found type: System.Net.TimerThread+Callback in DLL: System.dll
Found type: System.Net.Sockets.MultipleConnectAsync+State in DLL: System.dll
Found type: System.Diagnostics.Process+State in DLL: System.dll
Found type: System.Diagnostics.ProcessThread+State in DLL: System.dll
Found type: System.IO.Compression.ZLibNative+ZLibStreamHandle+State in DLL: System.dll
Found type: System.Xml.ReadContentAsBinaryHelper+State in DLL: System.Xml.dll
Found type: System.Xml.XmlCharCheckingReader+State in DLL: System.Xml.dll
Found type: System.Xml.XmlSubtreeReader+State in DLL: System.Xml.dll
Found type: System.Xml.XmlTextWriter+State in DLL: System.Xml.dll
Found type: System.Xml.XmlWellFormedWriter+State in DLL: System.Xml.dll
Found type: System.Xml.DocumentXmlWriter+State in DLL: System.Xml.dll
Found type: System.Xml.Schema.XsdBuilder+State in DLL: System.Xml.dll
Found type: System.Xml.XPath.XPathNavigatorReader+State in DLL: System.Xml.dll
Found type: UnityEngine.Random+State in DLL: UnityEngine.CoreModule.dll
Found type: UnityEngine.UIElements.BaseVisualTreeHierarchyTrackerUpdater+State in DLL: UnityEngine.UIElementsModule.dll
Found type: UnityEngine.UIElements.UIR.State in DLL: UnityEngine.UIElementsModule.dll
Found type: UnityEngineInternal.Video.VideoPlayback+Callback in DLL: UnityEngine.VideoModule.dll
Found type: UnityEngineInternal.Video.VideoPlaybackMgr+Callback in DLL: UnityEngine.VideoModule.dll
