Matched 'Override': SymbolOverrideInfoGpuData in DLL: Assembly-CSharp-firstpass.dll
Matched 'Override': YamlDotNet.Serialization.YamlAttributeOverrides in DLL: Assembly-CSharp-firstpass.dll
Matched 'Override': YamlDotNet.Serialization.YamlAttributeOverridesInspector in DLL: Assembly-CSharp-firstpass.dll
Matched 'Override': ProcGen.LoreCollectionOverride in DLL: Assembly-CSharp-firstpass.dll
Matched 'Override': KAnimBatch+SymbolOverrideInfoSlot in DLL: Assembly-CSharp-firstpass.dll
Matched 'Override': SymbolOverrideInfoGpuData+SymbolOverrideInfo in DLL: Assembly-CSharp-firstpass.dll
Matched 'Override': SymbolOverrideInfoGpuData+SymbolOverrideInfoToByteConverter in DLL: Assembly-CSharp-firstpass.dll
Matched 'Override': YamlDotNet.Serialization.YamlAttributeOverrides+AttributeKey in DLL: Assembly-CSharp-firstpass.dll
Matched 'Override': YamlDotNet.Serialization.YamlAttributeOverrides+AttributeMapping in DLL: Assembly-CSharp-firstpass.dll
Matched 'Override': YamlDotNet.Serialization.YamlAttributeOverridesInspector+OverridePropertyDescriptor in DLL: Assembly-CSharp-firstpass.dll
Matched 'Override': YamlDotNet.Serialization.YamlAttributeOverridesInspector+<>c__DisplayClass3_0 in DLL: Assembly-CSharp-firstpass.dll
Matched 'Override': ProcGen.SampleDescriber+Override in DLL: Assembly-CSharp-firstpass.dll
Matched 'Override': ProcGen.LoreCollectionOverride+OrderRule in DLL: Assembly-CSharp-firstpass.dll
Matched 'Override': VoronoiTree.Node+SplitCommand+NodeTypeOverride in DLL: Assembly-CSharp-firstpass.dll
Matched 'Override': SymbolOverrideControllerUtil in DLL: Assembly-CSharp.dll
Matched 'Diet': Diet in DLL: Assembly-CSharp.dll
Matched 'Override': ButtonMenuTextOverride in DLL: Assembly-CSharp.dll
Matched 'Override': UIDupeSymbolOverride in DLL: Assembly-CSharp.dll
Matched 'Override': Database.BalloonOverrideSymbol in DLL: Assembly-CSharp.dll
Matched 'Override': KAnimControllerBase+OverrideAnimFileData in DLL: Assembly-CSharp.dll
Matched 'Override': SymbolOverrideController+SymbolEntry in DLL: Assembly-CSharp.dll
Matched 'Override': SymbolOverrideController+SymbolToOverride in DLL: Assembly-CSharp.dll
Matched 'Override': SymbolOverrideController+BatchGroupInfo in DLL: Assembly-CSharp.dll
Matched 'Override': SymbolOverrideController+<>c in DLL: Assembly-CSharp.dll
Matched 'Override': SymbolOverrideController+<>c__DisplayClass16_0 in DLL: Assembly-CSharp.dll
Matched 'Diet': Diet+Info in DLL: Assembly-CSharp.dll
Matched 'Diet': Diet+<>c in DLL: Assembly-CSharp.dll
Matched 'Diet': Diet+<>c__DisplayClass28_0 in DLL: Assembly-CSharp.dll
Matched 'Diet': Diet+<>c__DisplayClass28_1 in DLL: Assembly-CSharp.dll
Matched 'Diet': Diet+<>c__DisplayClass29_0 in DLL: Assembly-CSharp.dll
Matched 'Diet': Diet+<>c__DisplayClass29_1 in DLL: Assembly-CSharp.dll
Matched 'Diet': Diet+<>c__DisplayClass32_0 in DLL: Assembly-CSharp.dll
Matched 'Override': SnapOn+OverrideEntry in DLL: Assembly-CSharp.dll
Matched 'Override': TransitionDriver+OverrideLayer in DLL: Assembly-CSharp.dll
Matched 'Override': TransitionDriver+InterruptOverrideLayer in DLL: Assembly-CSharp.dll
Matched 'Override': ProcGenGame.TerrainCell+ElementOverride in DLL: Assembly-CSharp.dll
Matched 'Override': Klei.AI.PlantMutation+SymbolOverrideInfo in DLL: Assembly-CSharp.dll
Matched 'Diet': Diet+Info+FoodType in DLL: Assembly-CSharp.dll
Matched 'Diet': STRINGS.CREATURES+MOO_SONG_MODIFIERS+DIET in DLL: Assembly-CSharp.dll
Matched 'Diet': STRINGS.CREATURES+FERTILITY_MODIFIERS+DIET in DLL: Assembly-CSharp.dll
Matched 'Override': FMODUnity.Platform+PropertyOverrideControl in DLL: FMODUnity.dll
Matched 'Override': System.Configuration.OverrideMode in DLL: System.Configuration.dll
Matched 'Override': System.Configuration.OverrideModeSetting in DLL: System.Configuration.dll
Matched 'Override': System.Xml.Serialization.SoapAttributeOverrides in DLL: System.Xml.dll
Matched 'Override': System.Xml.Serialization.XmlAttributeOverrides in DLL: System.Xml.dll
Matched 'Override': UnityEngine.AnimatorOverrideController in DLL: UnityEngine.AnimationModule.dll
Matched 'Override': UnityEngine.AnimatorOverrideController+OnOverrideControllerDirtyCallback in DLL: UnityEngine.AnimationModule.dll
Matched 'Override': UnityEngine.TerrainQualityOverrides in DLL: UnityEngine.CoreModule.dll
Matched 'Override': UnityEngine.TreeMotionVectorModeOverride in DLL: UnityEngine.TerrainModule.dll
Matched 'Override': UnityEngine.EventSystems.EventSystem+UIToolkitOverrideConfig in DLL: UnityEngine.UI.dll
Matched 'Override': UnityEngine.UIElements.UxmlAttributeOverridesFactory in DLL: UnityEngine.UIElementsModule.dll
Matched 'Override': UnityEngine.UIElements.UxmlAttributeOverridesTraits in DLL: UnityEngine.UIElementsModule.dll
Matched 'Override': UnityEngine.UIElements.UxmlAttributeOverridesTraits+<get_uxmlChildElementsDescription>d__3 in DLL: UnityEngine.UIElementsModule.dll
Matched 'Override': UnityEngine.UIElements.TemplateAsset+AttributeOverride in DLL: UnityEngine.UIElementsModule.dll
